<?xml version="1.0" encoding="UTF-8"?>
<!-- Generated by org.testng.reporters.JUnitXMLReporter -->
<testsuite ignored="0" hostname="AR-NB-424" failures="0" tests="1" name="Test-1" time="4.925" errors="0" timestamp="2021-08-23T13:28:08 ART">
  <testcase classname="Netflix.FirstTest" name="validarTituloTest" time="0.952"/>
</testsuite> <!-- Test-1 -->
