<?xml version="1.0" encoding="UTF-8"?>
<!-- Generated by org.testng.reporters.JUnitXMLReporter -->
<testsuite ignored="0" hostname="AR-NB-424" failures="0" tests="1" name="Test-2" time="6.81" errors="0" timestamp="2021-08-23T13:28:15 ART">
  <testcase classname="Netflix.SecondTest" name="startSessionPageTest" time="3.716"/>
</testsuite> <!-- Test-2 -->
