<?xml version="1.0" encoding="UTF-8"?>
<!-- Generated by org.testng.reporters.JUnitXMLReporter -->
<testsuite ignored="0" hostname="AR-NB-424" failures="0" tests="1" name="Test-4" time="7.166" errors="0" timestamp="2021-08-23T13:28:36 ART">
  <testcase classname="Netflix.FourthTest" name="fakeEmailTest" time="3.947"/>
</testsuite> <!-- Test-4 -->
