<?xml version="1.0" encoding="UTF-8"?>
<!-- Generated by org.testng.reporters.JUnitXMLReporter -->
<testsuite ignored="0" hostname="AR-NB-424" failures="0" tests="1" name="Test-3" time="13.275" errors="0" timestamp="2021-08-23T13:28:28 ART">
  <testcase classname="Netflix.ThirdTest" name="loginToNetflixErrorTest" time="9.776"/>
</testsuite> <!-- Test-3 -->
