<?xml version="1.0" encoding="UTF-8"?>
<!-- Generated by org.testng.reporters.JUnitXMLReporter -->
<testsuite ignored="0" hostname="AR-NB-424" failures="0" tests="1" name="Test-5" time="3.872" errors="0" timestamp="2021-08-23T13:28:39 ART">
  <testcase classname="Netflix.FifthTest" name="printTagsTest" time="0.9"/>
</testsuite> <!-- Test-5 -->
