<?xml version="1.0" encoding="UTF-8"?>
<!-- Generated by org.testng.reporters.JUnitReportReporter -->
<testsuite hostname="AR-NB-424" failures="0" tests="1" name="Netflix.FifthTest" time="0.900" errors="0" timestamp="2021-08-23T13:28:40 ART" skipped="0">
  <testcase classname="Netflix.FifthTest" name="printTagsTest" time="0.900"/>
  <system-out/>
</testsuite> <!-- Netflix.FifthTest -->
