<?xml version="1.0" encoding="UTF-8"?>
<!-- Generated by org.testng.reporters.JUnitReportReporter -->
<testsuite hostname="AR-NB-424" failures="0" tests="1" name="Netflix.FirstTest" time="0.952" errors="0" timestamp="2021-08-23T13:28:40 ART" skipped="0">
  <testcase classname="Netflix.FirstTest" name="validarTituloTest" time="0.952"/>
  <system-out/>
</testsuite> <!-- Netflix.FirstTest -->
