<?xml version="1.0" encoding="UTF-8"?>
<!-- Generated by org.testng.reporters.JUnitReportReporter -->
<testsuite hostname="AR-NB-424" failures="0" tests="1" name="Netflix.TestFirst" time="0.018" errors="0" timestamp="2021-08-22T14:57:59 ART" skipped="0">
  <testcase classname="Netflix.TestFirst" name="validarTituloTest" time="0.018"/>
  <system-out/>
</testsuite> <!-- Netflix.TestFirst -->
