<?xml version="1.0" encoding="UTF-8"?>
<!-- Generated by org.testng.reporters.JUnitReportReporter -->
<testsuite hostname="AR-NB-424" failures="0" tests="1" name="Netflix.TestSecond" time="3.178" errors="0" timestamp="2021-08-22T14:44:47 ART" skipped="0">
  <testcase classname="Netflix.TestSecond" name="startSessionPageTest" time="3.178"/>
  <system-out/>
</testsuite> <!-- Netflix.TestSecond -->
